epoch: 0, lr: 0.00095, loss: 1.29
162.00801533
              precision    recall  f1-score   support

     neutral   0.500000  0.920000  0.647887        50
       happy   0.000000  0.000000  0.000000        33
         sad   0.812500  0.847826  0.829787        46
       angry   0.000000  0.000000  0.000000        11

    accuracy                       0.607143       140
   macro avg   0.328125  0.441957  0.369419       140
weighted avg   0.445536  0.607143  0.504033       140

[[46  0  4  0]
 [32  0  1  0]
 [ 7  0 39  0]
 [ 7  0  4  0]]
The best result ----------
WA: 60.7143%, UA: 44.1957%, macro f1: 36.9419%, weighted f1: 50.4033%
--------------------------
epoch: 1, lr: 0.0009025, loss: 1.135
314.999776868
              precision    recall  f1-score   support

     neutral   0.600000  0.360000  0.450000        50
       happy   0.739130  0.515152  0.607143        33
         sad   0.666667  0.956522  0.785714        46
       angry   0.047619  0.090909  0.062500        11

    accuracy                       0.571429       140
   macro avg   0.513354  0.480646  0.476339       140
weighted avg   0.611298  0.571429  0.566901       140

[[18  5 11 16]
 [10 17  2  4]
 [ 1  1 44  0]
 [ 1  0  9  1]]
The best result ----------
WA: 57.1429%, UA: 48.0646%, macro f1: 47.6339%, weighted f1: 56.6901%
--------------------------
epoch: 2, lr: 0.0008574, loss: 1.134
472.491061
              precision    recall  f1-score   support

     neutral   0.666667  0.160000  0.258065        50
       happy   0.615385  0.727273  0.666667        33
         sad   0.641791  0.934783  0.761062        46
       angry   0.136364  0.272727  0.181818        11

    accuracy                       0.557143       140
   macro avg   0.515051  0.523696  0.466903       140
weighted avg   0.604739  0.557143  0.513658       140

[[ 8 12 13 17]
 [ 4 24  3  2]
 [ 0  3 43  0]
 [ 0  0  8  3]]
The best result ----------
WA: 55.7143%, UA: 52.3696%, macro f1: 46.6903%, weighted f1: 51.3658%
--------------------------
epoch: 3, lr: 0.0008145, loss: 1.103
628.938348053
              precision    recall  f1-score   support

     neutral   0.727273  0.160000  0.262295        50
       happy   0.451613  0.848485  0.589474        33
         sad   0.740741  0.869565  0.800000        46
       angry   0.307692  0.363636  0.333333        11

    accuracy                       0.571429       140
   macro avg   0.556830  0.560422  0.496276       140
weighted avg   0.633754  0.571429  0.521672       140

[[ 8 27  8  7]
 [ 2 28  3  0]
 [ 1  3 40  2]
 [ 0  4  3  4]]
The best result ----------
WA: 57.1429%, UA: 56.0422%, macro f1: 49.6276%, weighted f1: 52.1672%
--------------------------
epoch: 4, lr: 0.0007738, loss: 1.025
779.736376984
              precision    recall  f1-score   support

     neutral   0.842105  0.320000  0.463768        50
       happy   0.571429  0.727273  0.640000        33
         sad   0.636364  0.913043  0.750000        46
       angry   0.307692  0.363636  0.333333        11

    accuracy                       0.614286       140
   macro avg   0.589397  0.580988  0.546775       140
weighted avg   0.668712  0.614286  0.589108       140

[[16 14 13  7]
 [ 3 24  5  1]
 [ 0  3 42  1]
 [ 0  1  6  4]]
The best result ----------
WA: 61.4286%, UA: 58.0988%, macro f1: 54.6775%, weighted f1: 58.9108%
--------------------------
epoch: 5, lr: 0.0007351, loss: 0.969
929.405395625
              precision    recall  f1-score   support

     neutral   0.515152  0.340000  0.409639        50
       happy   0.857143  0.181818  0.300000        33
         sad   0.459184  0.978261  0.625000        46
       angry   0.000000  0.000000  0.000000        11

    accuracy                       0.485714       140
   macro avg   0.457870  0.375020  0.333660       140
weighted avg   0.536898  0.485714  0.422371       140

[[17  1 31  1]
 [14  6 12  1]
 [ 1  0 45  0]
 [ 1  0 10  0]]
The best result ----------
WA: 61.4286%, UA: 58.0988%, macro f1: 54.6775%, weighted f1: 58.9108%
--------------------------
epoch: 6, lr: 0.0006983, loss: 0.8938
1079.179851375
              precision    recall  f1-score   support

     neutral   0.674419  0.580000  0.623656        50
       happy   0.857143  0.363636  0.510638        33
         sad   0.575342  0.913043  0.705882        46
       angry   0.300000  0.272727  0.285714        11

    accuracy                       0.614286       140
   macro avg   0.601726  0.532352  0.531473       140
weighted avg   0.655517  0.614286  0.597481       140

[[29  1 17  3]
 [11 12  8  2]
 [ 1  1 42  2]
 [ 2  0  6  3]]
The best result ----------
WA: 61.4286%, UA: 58.0988%, macro f1: 54.6775%, weighted f1: 58.9108%
--------------------------
epoch: 7, lr: 0.0006634, loss: 0.8135
1228.907222815
              precision    recall  f1-score   support

     neutral   0.511111  0.920000  0.657143        50
       happy   0.875000  0.212121  0.341463        33
         sad   0.861111  0.673913  0.756098        46
       angry   0.166667  0.090909  0.117647        11

    accuracy                       0.607143       140
   macro avg   0.603472  0.474236  0.468088       140
weighted avg   0.684821  0.607143  0.572857       140

[[46  0  3  1]
 [23  7  1  2]
 [12  1 31  2]
 [ 9  0  1  1]]
The best result ----------
WA: 61.4286%, UA: 58.0988%, macro f1: 54.6775%, weighted f1: 58.9108%
--------------------------
epoch: 8, lr: 0.0006302, loss: 0.7712
1381.185130289
              precision    recall  f1-score   support

     neutral   0.583333  0.420000  0.488372        50
       happy   0.500000  0.030303  0.057143        33
         sad   0.634921  0.869565  0.733945        46
       angry   0.230769  0.818182  0.360000        11

    accuracy                       0.507143       140
   macro avg   0.487256  0.534513  0.409865       140
weighted avg   0.552939  0.507143  0.457327       140

[[21  0 14 15]
 [12  1  7 13]
 [ 3  1 40  2]
 [ 0  0  2  9]]
The best result ----------
WA: 61.4286%, UA: 58.0988%, macro f1: 54.6775%, weighted f1: 58.9108%
--------------------------
epoch: 9, lr: 0.0005987, loss: 0.6612
1532.880323196
              precision    recall  f1-score   support

     neutral   0.682927  0.560000  0.615385        50
       happy   1.000000  0.030303  0.058824        33
         sad   0.656250  0.913043  0.763636        46
       angry   0.205882  0.636364  0.311111        11

    accuracy                       0.557143       140
   macro avg   0.636265  0.534928  0.437239       140
weighted avg   0.711418  0.557143  0.508999       140

[[28  0 11 11]
 [11  1  8 13]
 [ 1  0 42  3]
 [ 1  0  3  7]]
The best result ----------
WA: 61.4286%, UA: 58.0988%, macro f1: 54.6775%, weighted f1: 58.9108%
--------------------------
epoch: 10, lr: 0.0005688, loss: 0.6154
1685.5982053710002
              precision    recall  f1-score   support

     neutral   0.650000  0.520000  0.577778        50
       happy   0.800000  0.242424  0.372093        33
         sad   0.655738  0.869565  0.747664        46
       angry   0.241379  0.636364  0.350000        11

    accuracy                       0.578571       140
   macro avg   0.586779  0.567088  0.511884       140
weighted avg   0.655136  0.578571  0.567218       140

[[26  1  9 14]
 [10  8 10  5]
 [ 2  1 40  3]
 [ 2  0  2  7]]
The best result ----------
WA: 61.4286%, UA: 58.0988%, macro f1: 54.6775%, weighted f1: 58.9108%
--------------------------
epoch: 11, lr: 0.0005404, loss: 0.5777
1835.696302254
              precision    recall  f1-score   support

     neutral   0.716981  0.760000  0.737864        50
       happy   0.888889  0.484848  0.627451        33
         sad   0.682540  0.934783  0.788991        46
       angry   0.333333  0.181818  0.235294        11

    accuracy                       0.707143       140
   macro avg   0.655436  0.590362  0.597400       140
weighted avg   0.716042  0.707143  0.689149       140

[[38  0 10  2]
 [10 16  5  2]
 [ 1  2 43  0]
 [ 4  0  5  2]]
The best result ----------
WA: 70.7143%, UA: 59.0362%, macro f1: 59.7400%, weighted f1: 68.9149%
--------------------------
epoch: 12, lr: 0.0005133, loss: 0.5491
2012.7099912280003
              precision    recall  f1-score   support

     neutral   0.733333  0.660000  0.694737        50
       happy   0.809524  0.515152  0.629630        33
         sad   0.645161  0.869565  0.740741        46
       angry   0.333333  0.363636  0.347826        11

    accuracy                       0.671429       140
   macro avg   0.630338  0.602088  0.603233       140
weighted avg   0.690893  0.671429  0.667248       140

[[33  2 11  4]
 [ 6 17  8  2]
 [ 2  2 40  2]
 [ 4  0  3  4]]
The best result ----------
WA: 70.7143%, UA: 59.0362%, macro f1: 59.7400%, weighted f1: 68.9149%
--------------------------
epoch: 13, lr: 0.0004877, loss: 0.4906
2183.2440331820007
              precision    recall  f1-score   support

     neutral   0.565789  0.860000  0.682540        50
       happy   0.923077  0.363636  0.521739        33
         sad   0.775510  0.826087  0.800000        46
       angry   0.000000  0.000000  0.000000        11

    accuracy                       0.664286       140
   macro avg   0.566094  0.512431  0.501070       140
weighted avg   0.674461  0.664286  0.629603       140

[[43  0  6  1]
 [17 12  3  1]
 [ 7  1 38  0]
 [ 9  0  2  0]]
The best result ----------
WA: 70.7143%, UA: 59.0362%, macro f1: 59.7400%, weighted f1: 68.9149%
--------------------------
epoch: 14, lr: 0.0004633, loss: 0.551
2333.0768555970008
              precision    recall  f1-score   support

     neutral   0.602941  0.820000  0.694915        50
       happy   0.692308  0.545455  0.610169        33
         sad   0.826087  0.826087  0.826087        46
       angry   0.000000  0.000000  0.000000        11

    accuracy                       0.692857       140
   macro avg   0.530334  0.547885  0.532793       140
weighted avg   0.649952  0.692857  0.663438       140

[[41  5  4  0]
 [14 18  1  0]
 [ 5  3 38  0]
 [ 8  0  3  0]]
The best result ----------
WA: 70.7143%, UA: 59.0362%, macro f1: 59.7400%, weighted f1: 68.9149%
--------------------------
epoch: 15, lr: 0.0004401, loss: 0.498
2483.6340529140007
              precision    recall  f1-score   support

     neutral   0.696429  0.780000  0.735849        50
       happy   0.857143  0.545455  0.666667        33
         sad   0.760000  0.826087  0.791667        46
       angry   0.384615  0.454545  0.416667        11

    accuracy                       0.714286       140
   macro avg   0.674547  0.651522  0.652712       140
weighted avg   0.730699  0.714286  0.712803       140

[[39  2  6  3]
 [ 8 18  5  2]
 [ 4  1 38  3]
 [ 5  0  1  5]]
The best result ----------
WA: 71.4286%, UA: 65.1522%, macro f1: 65.2712%, weighted f1: 71.2803%
--------------------------
epoch: 16, lr: 0.0004181, loss: 0.4948
2633.3590850870005
              precision    recall  f1-score   support

     neutral   0.660377  0.700000  0.679612        50
       happy   0.842105  0.484848  0.615385        33
         sad   0.780000  0.847826  0.812500        46
       angry   0.444444  0.727273  0.551724        11

    accuracy                       0.700000       140
   macro avg   0.681732  0.689987  0.664805       140
weighted avg   0.725552  0.700000  0.698087       140

[[35  2  7  6]
 [13 16  3  1]
 [ 3  1 39  3]
 [ 2  0  1  8]]
The best result ----------
WA: 70.0000%, UA: 68.9987%, macro f1: 66.4805%, weighted f1: 69.8087%
--------------------------
epoch: 17, lr: 0.0003972, loss: 0.4958
2782.9794190670004
              precision    recall  f1-score   support

     neutral   0.678571  0.760000  0.716981        50
       happy   0.793103  0.696970  0.741935        33
         sad   0.763636  0.913043  0.831683        46
       angry   0.000000  0.000000  0.000000        11

    accuracy                       0.735714       140
   macro avg   0.558828  0.592503  0.572650       140
weighted avg   0.680202  0.735714  0.704217       140

[[38  5  7  0]
 [ 8 23  2  0]
 [ 3  1 42  0]
 [ 7  0  4  0]]
The best result ----------
WA: 70.0000%, UA: 68.9987%, macro f1: 66.4805%, weighted f1: 69.8087%
--------------------------
epoch: 18, lr: 0.0003774, loss: 0.487
2936.1463952990002
              precision    recall  f1-score   support

     neutral   0.690909  0.760000  0.723810        50
       happy   0.888889  0.484848  0.627451        33
         sad   0.750000  0.847826  0.795918        46
       angry   0.400000  0.545455  0.461538        11

    accuracy                       0.707143       140
   macro avg   0.682449  0.659532  0.652179       140
weighted avg   0.734134  0.707143  0.704182       140

[[38  1  7  4]
 [11 16  4  2]
 [ 3  1 39  3]
 [ 3  0  2  6]]
The best result ----------
WA: 70.0000%, UA: 68.9987%, macro f1: 66.4805%, weighted f1: 69.8087%
--------------------------
epoch: 19, lr: 0.0003585, loss: 0.493
3092.4025689710006
              precision    recall  f1-score   support

     neutral   0.760000  0.380000  0.506667        50
       happy   0.500000  0.757576  0.602410        33
         sad   0.775510  0.826087  0.800000        46
       angry   0.375000  0.545455  0.444444        11

    accuracy                       0.628571       140
   macro avg   0.602628  0.627279  0.588380       140
weighted avg   0.673560  0.628571  0.620727       140

[[19 19  7  5]
 [ 3 25  3  2]
 [ 1  4 38  3]
 [ 2  2  1  6]]
The best result ----------
WA: 70.0000%, UA: 68.9987%, macro f1: 66.4805%, weighted f1: 69.8087%
--------------------------
epoch: 20, lr: 0.0003406, loss: 0.4671
3246.1068827470003
              precision    recall  f1-score   support

     neutral   0.697674  0.600000  0.645161        50
       happy   0.740741  0.606061  0.666667        33
         sad   0.735849  0.847826  0.787879        46
       angry   0.352941  0.545455  0.428571        11

    accuracy                       0.678571       140
   macro avg   0.631801  0.649835  0.632070       140
weighted avg   0.693283  0.678571  0.680106       140

[[30  5  8  7]
 [ 8 20  4  1]
 [ 2  2 39  3]
 [ 3  0  2  6]]
The best result ----------
WA: 70.0000%, UA: 68.9987%, macro f1: 66.4805%, weighted f1: 69.8087%
--------------------------
epoch: 21, lr: 0.0003235, loss: 0.4716
3398.623077825
              precision    recall  f1-score   support

     neutral   0.756757  0.560000  0.643678        50
       happy   0.638889  0.696970  0.666667        33
         sad   0.795918  0.847826  0.821053        46
       angry   0.333333  0.545455  0.413793        11

    accuracy                       0.685714       140
   macro avg   0.631224  0.662563  0.636298       140
weighted avg   0.708572  0.685714  0.689315       140

[[28  9  6  7]
 [ 5 23  3  2]
 [ 1  3 39  3]
 [ 3  1  1  6]]
The best result ----------
WA: 70.0000%, UA: 68.9987%, macro f1: 66.4805%, weighted f1: 69.8087%
--------------------------
epoch: 22, lr: 0.0003074, loss: 0.5038
3551.021572269
              precision    recall  f1-score   support

     neutral   0.711111  0.640000  0.673684        50
       happy   0.724138  0.636364  0.677419        33
         sad   0.769231  0.869565  0.816327        46
       angry   0.428571  0.545455  0.480000        11

    accuracy                       0.707143       140
   macro avg   0.658263  0.672846  0.661858       140
weighted avg   0.711079  0.707143  0.706215       140

[[32  6  7  5]
 [ 8 21  3  1]
 [ 2  2 40  2]
 [ 3  0  2  6]]
The best result ----------
WA: 70.0000%, UA: 68.9987%, macro f1: 66.4805%, weighted f1: 69.8087%
--------------------------
epoch: 23, lr: 0.000292, loss: 0.4978
3703.658484631
              precision    recall  f1-score   support

     neutral   0.642857  0.720000  0.679245        50
       happy   0.888889  0.484848  0.627451        33
         sad   0.791667  0.826087  0.808511        46
       angry   0.333333  0.545455  0.413793        11

    accuracy                       0.685714       140
   macro avg   0.664187  0.644097  0.632250       140
weighted avg   0.725425  0.685714  0.688653       140

[[36  1  6  7]
 [12 16  3  2]
 [ 4  1 38  3]
 [ 4  0  1  6]]
The best result ----------
WA: 70.0000%, UA: 68.9987%, macro f1: 66.4805%, weighted f1: 69.8087%
--------------------------
epoch: 24, lr: 0.0002774, loss: 0.4432
3855.6097583200003
              precision    recall  f1-score   support

     neutral   0.711111  0.640000  0.673684        50
       happy   0.692308  0.545455  0.610169        33
         sad   0.714286  0.869565  0.784314        46
       angry   0.461538  0.545455  0.500000        11

    accuracy                       0.685714       140
   macro avg   0.644811  0.650119  0.642042       140
weighted avg   0.688113  0.685714  0.681416       140

[[32  6  8  4]
 [ 8 18  6  1]
 [ 2  2 40  2]
 [ 3  0  2  6]]
The best result ----------
WA: 70.0000%, UA: 68.9987%, macro f1: 66.4805%, weighted f1: 69.8087%
--------------------------
epoch: 25, lr: 0.0002635, loss: 0.4918
4010.09511136
              precision    recall  f1-score   support

     neutral   0.680851  0.640000  0.659794        50
       happy   0.700000  0.636364  0.666667        33
         sad   0.764706  0.847826  0.804124        46
       angry   0.416667  0.454545  0.434783        11

    accuracy                       0.692857       140
   macro avg   0.640556  0.644684  0.641342       140
weighted avg   0.692160  0.692857  0.691157       140

[[32  7  7  4]
 [ 7 21  4  1]
 [ 3  2 39  2]
 [ 5  0  1  5]]
The best result ----------
WA: 70.0000%, UA: 68.9987%, macro f1: 66.4805%, weighted f1: 69.8087%
--------------------------
epoch: 26, lr: 0.0002503, loss: 0.4823
4162.682758805
              precision    recall  f1-score   support

     neutral   0.744681  0.700000  0.721649        50
       happy   0.709677  0.666667  0.687500        33
         sad   0.791667  0.826087  0.808511        46
       angry   0.428571  0.545455  0.480000        11

    accuracy                       0.721429       140
   macro avg   0.668649  0.684552  0.674415       140
weighted avg   0.727031  0.721429  0.723153       140

[[35  6  5  4]
 [ 6 22  4  1]
 [ 3  2 38  3]
 [ 3  1  1  6]]
The best result ----------
WA: 72.1429%, UA: 68.4552%, macro f1: 67.4415%, weighted f1: 72.3153%
--------------------------
epoch: 27, lr: 0.0002378, loss: 0.4382
4318.015683587
              precision    recall  f1-score   support

     neutral   0.700000  0.700000  0.700000        50
       happy   0.941176  0.484848  0.640000        33
         sad   0.701754  0.869565  0.776699        46
       angry   0.375000  0.545455  0.444444        11

    accuracy                       0.692857       140
   macro avg   0.679483  0.649967  0.640286       140
weighted avg   0.731889  0.692857  0.690979       140

[[35  0  9  6]
 [ 9 16  6  2]
 [ 3  1 40  2]
 [ 3  0  2  6]]
The best result ----------
WA: 72.1429%, UA: 68.4552%, macro f1: 67.4415%, weighted f1: 72.3153%
--------------------------
epoch: 28, lr: 0.0002259, loss: 0.4819
4470.32335296
              precision    recall  f1-score   support

     neutral   0.750000  0.480000  0.585366        50
       happy   0.782609  0.545455  0.642857        33
         sad   0.661017  0.847826  0.742857        46
       angry   0.307692  0.727273  0.432432        11

    accuracy                       0.635714       140
   macro avg   0.625329  0.650138  0.600878       140
weighted avg   0.693696  0.635714  0.638648       140

[[24  3 10 13]
 [ 5 18  8  2]
 [ 2  2 39  3]
 [ 1  0  2  8]]
The best result ----------
WA: 72.1429%, UA: 68.4552%, macro f1: 67.4415%, weighted f1: 72.3153%
--------------------------
epoch: 29, lr: 0.0002146, loss: 0.4846
4623.318038244
              precision    recall  f1-score   support

     neutral   0.654545  0.720000  0.685714        50
       happy   0.850000  0.515152  0.641509        33
         sad   0.812500  0.847826  0.829787        46
       angry   0.411765  0.636364  0.500000        11

    accuracy                       0.707143       140
   macro avg   0.682203  0.679835  0.664253       140
weighted avg   0.733441  0.707143  0.708041       140

[[36  2  6  6]
 [13 17  2  1]
 [ 3  1 39  3]
 [ 3  0  1  7]]
The best result ----------
WA: 72.1429%, UA: 68.4552%, macro f1: 67.4415%, weighted f1: 72.3153%
--------------------------
epoch: 30, lr: 0.0002039, loss: 0.4725
4775.5490030969995
              precision    recall  f1-score   support

     neutral   0.711111  0.640000  0.673684        50
       happy   0.791667  0.575758  0.666667        33
         sad   0.683333  0.891304  0.773585        46
       angry   0.272727  0.272727  0.272727        11

    accuracy                       0.678571       140
   macro avg   0.614710  0.594947  0.596666       140
weighted avg   0.686528  0.678571  0.673351       140

[[32  3 10  5]
 [ 6 19  6  2]
 [ 2  2 41  1]
 [ 5  0  3  3]]
The best result ----------
WA: 72.1429%, UA: 68.4552%, macro f1: 67.4415%, weighted f1: 72.3153%
--------------------------
epoch: 31, lr: 0.0001937, loss: 0.4862
4929.256919682999
              precision    recall  f1-score   support

     neutral   0.698113  0.740000  0.718447        50
       happy   0.758621  0.666667  0.709677        33
         sad   0.812500  0.847826  0.829787        46
       angry   0.500000  0.454545  0.476190        11

    accuracy                       0.735714       140
   macro avg   0.692308  0.677260  0.683525       140
weighted avg   0.734394  0.735714  0.733929       140

[[37  4  6  3]
 [ 9 22  2  0]
 [ 3  2 39  2]
 [ 4  1  1  5]]
The best result ----------
WA: 73.5714%, UA: 67.7260%, macro f1: 68.3525%, weighted f1: 73.3929%
--------------------------
epoch: 32, lr: 0.000184, loss: 0.4658
5085.2984555369985
              precision    recall  f1-score   support

     neutral   0.742857  0.520000  0.611765        50
       happy   0.666667  0.727273  0.695652        33
         sad   0.754717  0.869565  0.808081        46
       angry   0.437500  0.636364  0.518519        11

    accuracy                       0.692857       140
   macro avg   0.650435  0.688300  0.658504       140
weighted avg   0.704802  0.692857  0.688716       140

[[26 10  9  5]
 [ 5 24  2  2]
 [ 2  2 40  2]
 [ 2  0  2  7]]
The best result ----------
WA: 73.5714%, UA: 67.7260%, macro f1: 68.3525%, weighted f1: 73.3929%
--------------------------
epoch: 33, lr: 0.0001748, loss: 0.46
5238.237888305998
              precision    recall  f1-score   support

     neutral   0.722222  0.520000  0.604651        50
       happy   0.740741  0.606061  0.666667        33
         sad   0.730769  0.826087  0.775510        46
       angry   0.320000  0.727273  0.444444        11

    accuracy                       0.657143       140
   macro avg   0.628433  0.669855  0.622818       140
weighted avg   0.697792  0.657143  0.662821       140

[[26  5  8 11]
 [ 6 20  5  2]
 [ 2  2 38  4]
 [ 2  0  1  8]]
The best result ----------
WA: 73.5714%, UA: 67.7260%, macro f1: 68.3525%, weighted f1: 73.3929%
--------------------------
epoch: 34, lr: 0.0001661, loss: 0.4461
5388.134165635998
              precision    recall  f1-score   support

     neutral   0.733333  0.660000  0.694737        50
       happy   0.703704  0.575758  0.633333        33
         sad   0.727273  0.869565  0.792079        46
       angry   0.461538  0.545455  0.500000        11

    accuracy                       0.700000       140
   macro avg   0.656462  0.662694  0.655037       140
weighted avg   0.703003  0.700000  0.696946       140

[[33  6  7  4]
 [ 7 19  6  1]
 [ 2  2 40  2]
 [ 3  0  2  6]]
The best result ----------
WA: 73.5714%, UA: 67.7260%, macro f1: 68.3525%, weighted f1: 73.3929%
--------------------------
