epoch: 0, lr: 0.00095, loss: 1.131
170.17687837199998
              precision    recall  f1-score   support

     neutral   0.523077  0.478873  0.500000        71
       happy   0.468354  1.000000  0.637931        37
         sad   0.000000  0.000000  0.000000         9
       angry   0.785714  0.268293  0.400000        41

    accuracy                       0.518987       158
   macro avg   0.444286  0.436791  0.384483       158
weighted avg   0.548619  0.518987  0.477870       158

[[34 36  0  1]
 [ 0 37  0  0]
 [ 7  0  0  2]
 [24  6  0 11]]
The best result ----------
WA: 51.8987%, UA: 43.6791%, macro f1: 38.4483%, weighted f1: 47.7870%
--------------------------
epoch: 1, lr: 0.0009025, loss: 0.9834
336.72912228999996
              precision    recall  f1-score   support

     neutral   0.568627  0.816901  0.670520        71
       happy   0.714286  0.135135  0.227273        37
         sad   1.000000  0.111111  0.200000         9
       angry   0.625000  0.731707  0.674157        41

    accuracy                       0.594937       158
   macro avg   0.726978  0.448714  0.442988       158
weighted avg   0.641937  0.594937  0.540864       158

[[58  2  0 11]
 [32  5  0  0]
 [ 1  0  1  7]
 [11  0  0 30]]
The best result ----------
WA: 59.4937%, UA: 44.8714%, macro f1: 44.2988%, weighted f1: 54.0864%
--------------------------
epoch: 2, lr: 0.0008574, loss: 0.8944
506.194329909
              precision    recall  f1-score   support

     neutral   0.731343  0.690141  0.710145        71
       happy   0.680851  0.864865  0.761905        37
         sad   0.269231  0.777778  0.400000         9
       angry   0.833333  0.365854  0.508475        41

    accuracy                       0.651899       158
   macro avg   0.628690  0.674659  0.595131       158
weighted avg   0.719662  0.651899  0.652267       158

[[49 13  6  3]
 [ 5 32  0  0]
 [ 2  0  7  0]
 [11  2 13 15]]
The best result ----------
WA: 65.1899%, UA: 67.4659%, macro f1: 59.5131%, weighted f1: 65.2267%
--------------------------
epoch: 3, lr: 0.0008145, loss: 0.8381
677.872803435
              precision    recall  f1-score   support

     neutral   0.911765  0.436620  0.590476        71
       happy   0.692308  0.972973  0.808989        37
         sad   0.272727  1.000000  0.428571         9
       angry   0.743590  0.707317  0.725000        41

    accuracy                       0.664557       158
   macro avg   0.655097  0.779227  0.638259       158
weighted avg   0.780332  0.664557  0.667333       158

[[31 15 15 10]
 [ 1 36  0  0]
 [ 0  0  9  0]
 [ 2  1  9 29]]
The best result ----------
WA: 66.4557%, UA: 77.9227%, macro f1: 63.8259%, weighted f1: 66.7333%
--------------------------
epoch: 4, lr: 0.0007738, loss: 0.7813
843.729474228
              precision    recall  f1-score   support

     neutral   0.728571  0.718310  0.723404        71
       happy   0.642857  0.972973  0.774194        37
         sad   0.625000  0.555556  0.588235         9
       angry   0.833333  0.487805  0.615385        41

    accuracy                       0.708861       158
   macro avg   0.707440  0.683661  0.675304       158
weighted avg   0.729785  0.708861  0.699568       158

[[51 17  1  2]
 [ 1 36  0  0]
 [ 2  0  5  2]
 [16  3  2 20]]
The best result ----------
WA: 66.4557%, UA: 77.9227%, macro f1: 63.8259%, weighted f1: 66.7333%
--------------------------
epoch: 5, lr: 0.0007351, loss: 0.7358
1009.8921336199999
              precision    recall  f1-score   support

     neutral   0.828125  0.746479  0.785185        71
       happy   0.692308  0.972973  0.808989        37
         sad   0.625000  0.555556  0.588235         9
       angry   0.823529  0.682927  0.746667        41

    accuracy                       0.772152       158
   macro avg   0.742241  0.739484  0.732269       158
weighted avg   0.783557  0.772152  0.769545       158

[[53 13  1  4]
 [ 1 36  0  0]
 [ 2  0  5  2]
 [ 8  3  2 28]]
The best result ----------
WA: 77.2152%, UA: 73.9484%, macro f1: 73.2269%, weighted f1: 76.9545%
--------------------------
epoch: 6, lr: 0.0006983, loss: 0.6951
1183.5524440679999
              precision    recall  f1-score   support

     neutral   0.736842  0.788732  0.761905        71
       happy   0.827586  0.648649  0.727273        37
         sad   0.583333  0.777778  0.666667         9
       angry   0.780488  0.780488  0.780488        41

    accuracy                       0.753165       158
   macro avg   0.732062  0.748912  0.734083       158
weighted avg   0.760674  0.753165  0.753192       158

[[56  5  2  8]
 [13 24  0  0]
 [ 1  0  7  1]
 [ 6  0  3 32]]
The best result ----------
WA: 77.2152%, UA: 73.9484%, macro f1: 73.2269%, weighted f1: 76.9545%
--------------------------
epoch: 7, lr: 0.0006634, loss: 0.6391
1353.73573436
              precision    recall  f1-score   support

     neutral   0.763158  0.816901  0.789116        71
       happy   0.833333  0.675676  0.746269        37
         sad   0.583333  0.777778  0.666667         9
       angry   0.850000  0.829268  0.839506        41

    accuracy                       0.784810       158
   macro avg   0.757456  0.774906  0.760389       158
weighted avg   0.791883  0.784810  0.785183       158

[[58  5  2  6]
 [12 25  0  0]
 [ 2  0  7  0]
 [ 4  0  3 34]]
The best result ----------
WA: 78.4810%, UA: 77.4906%, macro f1: 76.0389%, weighted f1: 78.5183%
--------------------------
epoch: 8, lr: 0.0006302, loss: 0.6101
1524.193460512
              precision    recall  f1-score   support

     neutral   0.873016  0.774648  0.820896        71
       happy   0.809524  0.918919  0.860759        37
         sad   0.600000  0.666667  0.631579         9
       angry   0.767442  0.804878  0.785714        41

    accuracy                       0.810127       158
   macro avg   0.762495  0.791278  0.774737       158
weighted avg   0.815200  0.810127  0.810318       158

[[55  7  1  8]
 [ 3 34  0  0]
 [ 1  0  6  2]
 [ 4  1  3 33]]
The best result ----------
WA: 81.0127%, UA: 79.1278%, macro f1: 77.4737%, weighted f1: 81.0318%
--------------------------
epoch: 9, lr: 0.0005987, loss: 0.5659
1699.295834602
              precision    recall  f1-score   support

     neutral   0.857143  0.760563  0.805970        71
       happy   0.804878  0.891892  0.846154        37
         sad   0.571429  0.888889  0.695652         9
       angry   0.775000  0.756098  0.765432        41

    accuracy                       0.797468       158
   macro avg   0.752112  0.824360  0.778302       158
weighted avg   0.807313  0.797468  0.798577       158

[[54  7  2  8]
 [ 4 33  0  0]
 [ 0  0  8  1]
 [ 5  1  4 31]]
The best result ----------
WA: 79.7468%, UA: 82.4360%, macro f1: 77.8302%, weighted f1: 79.8577%
--------------------------
epoch: 10, lr: 0.0005688, loss: 0.5571
1868.95944702
              precision    recall  f1-score   support

     neutral   0.774648  0.774648  0.774648        71
       happy   0.750000  0.891892  0.814815        37
         sad   0.500000  0.666667  0.571429         9
       angry   0.903226  0.682927  0.777778        41

    accuracy                       0.772152       158
   macro avg   0.731968  0.754033  0.734667       158
weighted avg   0.786597  0.772152  0.773290       158

[[55 10  3  3]
 [ 4 33  0  0]
 [ 3  0  6  0]
 [ 9  1  3 28]]
The best result ----------
WA: 79.7468%, UA: 82.4360%, macro f1: 77.8302%, weighted f1: 79.8577%
--------------------------
epoch: 11, lr: 0.0005404, loss: 0.5272
2033.681358203
              precision    recall  f1-score   support

     neutral   0.732558  0.887324  0.802548        71
       happy   0.866667  0.702703  0.776119        37
         sad   0.500000  0.555556  0.526316         9
       angry   0.906250  0.707317  0.794521        41

    accuracy                       0.778481       158
   macro avg   0.751369  0.713225  0.724876       158
weighted avg   0.795788  0.778481  0.778541       158

[[63  4  2  2]
 [11 26  0  0]
 [ 3  0  5  1]
 [ 9  0  3 29]]
The best result ----------
WA: 79.7468%, UA: 82.4360%, macro f1: 77.8302%, weighted f1: 79.8577%
--------------------------
epoch: 12, lr: 0.0005133, loss: 0.5063
2198.341579417
              precision    recall  f1-score   support

     neutral   0.769231  0.845070  0.805369        71
       happy   0.852941  0.783784  0.816901        37
         sad   0.500000  0.555556  0.526316         9
       angry   0.861111  0.756098  0.805195        41

    accuracy                       0.791139       158
   macro avg   0.745821  0.735127  0.738445       158
weighted avg   0.797340  0.791139  0.792129       158

[[60  5  2  4]
 [ 8 29  0  0]
 [ 3  0  5  1]
 [ 7  0  3 31]]
The best result ----------
WA: 79.7468%, UA: 82.4360%, macro f1: 77.8302%, weighted f1: 79.8577%
--------------------------
epoch: 13, lr: 0.0004877, loss: 0.5072
2363.199276082
              precision    recall  f1-score   support

     neutral   0.750000  0.887324  0.812903        71
       happy   0.878788  0.783784  0.828571        37
         sad   0.600000  0.666667  0.631579         9
       angry   0.935484  0.707317  0.805556        41

    accuracy                       0.803797       158
   macro avg   0.791068  0.761273  0.769652       158
weighted avg   0.819747  0.803797  0.804337       158

[[63  4  2  2]
 [ 8 29  0  0]
 [ 3  0  6  0]
 [10  0  2 29]]
The best result ----------
WA: 79.7468%, UA: 82.4360%, macro f1: 77.8302%, weighted f1: 79.8577%
--------------------------
epoch: 14, lr: 0.0004633, loss: 0.5048
2531.1014196949995
              precision    recall  f1-score   support

     neutral   0.779221  0.845070  0.810811        71
       happy   0.848485  0.756757  0.800000        37
         sad   0.600000  0.666667  0.631579         9
       angry   0.868421  0.804878  0.835443        41

    accuracy                       0.803797       158
   macro avg   0.774032  0.768343  0.769458       158
weighted avg   0.808379  0.803797  0.804462       158

[[60  5  2  4]
 [ 9 28  0  0]
 [ 2  0  6  1]
 [ 6  0  2 33]]
The best result ----------
WA: 79.7468%, UA: 82.4360%, macro f1: 77.8302%, weighted f1: 79.8577%
--------------------------
epoch: 15, lr: 0.0004401, loss: 0.4847
2701.1174032689996
              precision    recall  f1-score   support

     neutral   0.688312  0.746479  0.716216        71
       happy   0.857143  0.486486  0.620690        37
         sad   0.615385  0.888889  0.727273         9
       angry   0.723404  0.829268  0.772727        41

    accuracy                       0.715190       158
   macro avg   0.721061  0.737781  0.709226       158
weighted avg   0.732800  0.715190  0.709140       158

[[53  3  3 12]
 [19 18  0  0]
 [ 0  0  8  1]
 [ 5  0  2 34]]
The best result ----------
WA: 79.7468%, UA: 82.4360%, macro f1: 77.8302%, weighted f1: 79.8577%
--------------------------
epoch: 16, lr: 0.0004181, loss: 0.4832
2884.620817431
              precision    recall  f1-score   support

     neutral   0.735632  0.901408  0.810127        71
       happy   0.875000  0.756757  0.811594        37
         sad   0.666667  0.444444  0.533333         9
       angry   0.909091  0.731707  0.810811        41

    accuracy                       0.797468       158
   macro avg   0.796597  0.708579  0.741466       158
weighted avg   0.809352  0.797468  0.794881       158

[[64  4  1  2]
 [ 9 28  0  0]
 [ 4  0  4  1]
 [10  0  1 30]]
The best result ----------
WA: 79.7468%, UA: 82.4360%, macro f1: 77.8302%, weighted f1: 79.8577%
--------------------------
epoch: 17, lr: 0.0003972, loss: 0.4621
3078.374377988
              precision    recall  f1-score   support

     neutral   0.787500  0.887324  0.834437        71
       happy   0.823529  0.756757  0.788732        37
         sad   0.700000  0.777778  0.736842         9
       angry   0.911765  0.756098  0.826667        41

    accuracy                       0.816456       158
   macro avg   0.805699  0.794489  0.796670       158
weighted avg   0.823199  0.816456  0.816159       158

[[63  4  1  3]
 [ 9 28  0  0]
 [ 2  0  7  0]
 [ 6  2  2 31]]
The best result ----------
WA: 79.7468%, UA: 82.4360%, macro f1: 77.8302%, weighted f1: 79.8577%
--------------------------
epoch: 18, lr: 0.0003774, loss: 0.4756
3251.1940986970003
              precision    recall  f1-score   support

     neutral   0.715909  0.887324  0.792453        71
       happy   0.862069  0.675676  0.757576        37
         sad   0.600000  0.333333  0.428571         9
       angry   0.861111  0.756098  0.805195        41

    accuracy                       0.772152       158
   macro avg   0.759772  0.663108  0.695949       158
weighted avg   0.781213  0.772152  0.766864       158

[[63  4  1  3]
 [12 25  0  0]
 [ 4  0  3  2]
 [ 9  0  1 31]]
The best result ----------
WA: 79.7468%, UA: 82.4360%, macro f1: 77.8302%, weighted f1: 79.8577%
--------------------------
epoch: 19, lr: 0.0003585, loss: 0.4728
3428.7501460040003
              precision    recall  f1-score   support

     neutral   0.700000  0.887324  0.782609        71
       happy   0.843750  0.729730  0.782609        37
         sad   0.666667  0.666667  0.666667         9
       angry   0.925926  0.609756  0.735294        41

    accuracy                       0.765823       158
   macro avg   0.784086  0.723369  0.741795       158
weighted avg   0.790391  0.765823  0.763727       158

[[63  4  2  2]
 [10 27  0  0]
 [ 3  0  6  0]
 [14  1  1 25]]
The best result ----------
WA: 79.7468%, UA: 82.4360%, macro f1: 77.8302%, weighted f1: 79.8577%
--------------------------
epoch: 20, lr: 0.0003406, loss: 0.4647
3605.5606910710003
              precision    recall  f1-score   support

     neutral   0.752941  0.901408  0.820513        71
       happy   0.848485  0.756757  0.800000        37
         sad   0.777778  0.777778  0.777778         9
       angry   0.935484  0.707317  0.805556        41

    accuracy                       0.810127       158
   macro avg   0.828672  0.785815  0.800962       158
weighted avg   0.824099  0.810127  0.809394       158

[[64  4  1  2]
 [ 9 28  0  0]
 [ 2  0  7  0]
 [10  1  1 29]]
The best result ----------
WA: 79.7468%, UA: 82.4360%, macro f1: 77.8302%, weighted f1: 79.8577%
--------------------------
epoch: 21, lr: 0.0003235, loss: 0.4416
3782.9616752660004
              precision    recall  f1-score   support

     neutral   0.784810  0.873239  0.826667        71
       happy   0.885714  0.837838  0.861111        37
         sad   0.750000  0.666667  0.705882         9
       angry   0.861111  0.756098  0.805195        41

    accuracy                       0.822785       158
   macro avg   0.820409  0.783460  0.799714       158
weighted avg   0.826256  0.822785  0.822281       158

[[62  4  1  4]
 [ 6 31  0  0]
 [ 2  0  6  1]
 [ 9  0  1 31]]
The best result ----------
WA: 79.7468%, UA: 82.4360%, macro f1: 77.8302%, weighted f1: 79.8577%
--------------------------
